#
# A fatal error has been detected by the Java Runtime Environment:
#
#  Internal Error (classFileParser.cpp:3494), pid=26087, tid=3061017408
#  Error: ShouldNotReachHere()
#
# JRE version: 6.0_24-b24
# Java VM: OpenJDK Server VM (20.0-b12 mixed mode linux-x86 )
# Derivative: IcedTea6 1.11.5
# Distribution: Ubuntu 12.04 LTS, package 6b24-1.11.5-0ubuntu1~12.04.1
# If you would like to submit a bug report, please include
# instructions how to reproduce the bug and visit:
#   https://bugs.launchpad.net/ubuntu/+source/openjdk-6/
#

---------------  T H R E A D  ---------------

Current thread (0xb6505400):  JavaThread "Unknown thread" [_thread_in_vm, id=26092, stack(0xb66e6000,0xb6737000)]

Stack: [0xb66e6000,0xb6737000]
[error occurred during error reporting (printing stack bounds), id 0xb]


[error occurred during error reporting (printing native stack), id 0xb]


---------------  P R O C E S S  ---------------

Java Threads: ( => current thread )

Other Threads:

=>0xb6505400 (exited) JavaThread "Unknown thread" [_thread_in_vm, id=26092, stack(0xb66e6000,0xb6737000)]

VM state:not at safepoint (not fully initialized)

VM Mutex/Monitor currently owned by a thread: None

Dynamic libraries:
08048000-08051000 r-xp 00000000 08:05 5114051    /usr/lib/jvm/java-6-openjdk-i386/jre/bin/java
08051000-08052000 r--p 00008000 08:05 5114051    /usr/lib/jvm/java-6-openjdk-i386/jre/bin/java
08052000-08053000 rw-p 00009000 08:05 5114051    /usr/lib/jvm/java-6-openjdk-i386/jre/bin/java
0908f000-090b0000 rw-p 00000000 00:00 0          [heap]
6ea3e000-6eb00000 r--s 010c7000 08:05 2233832    /home/alec/android-sdks/platforms/android-16/android.jar
6eb00000-6eb21000 rw-p 00000000 00:00 0 
6eb21000-6ec00000 ---p 00000000 00:00 0 
6ec7f000-6ec80000 ---p 00000000 00:00 0 
6ec80000-6ed00000 rw-p 00000000 00:00 0 
6ed00000-6ed21000 rw-p 00000000 00:00 0 
6ed21000-6ee00000 ---p 00000000 00:00 0 
6ee7f000-6ee80000 ---p 00000000 00:00 0 
6ee80000-6ef00000 rw-p 00000000 00:00 0 
6ef00000-6ef21000 rw-p 00000000 00:00 0 
6ef21000-6f000000 ---p 00000000 00:00 0 
6f07f000-6f080000 ---p 00000000 00:00 0 
6f080000-6f100000 rw-p 00000000 00:00 0 
6f100000-6f121000 rw-p 00000000 00:00 0 
6f121000-6f200000 ---p 00000000 00:00 0 
6f25f000-6f260000 ---p 00000000 00:00 0 
6f260000-6f2f4000 rw-p 00000000 00:00 0 
6f2f4000-6f420000 rw-p 00000000 00:00 0 
6f420000-6f428000 rw-p 00000000 00:00 0 
6f428000-6f460000 rw-p 00000000 00:00 0 
6f460000-6f474000 rw-p 00000000 00:00 0 
6f474000-6f59f000 rw-p 00000000 00:00 0 
6f59f000-6f5aa000 rw-p 00000000 00:00 0 
6f5aa000-6f63f000 rw-p 00000000 00:00 0 
6f63f000-70640000 rw-p 00000000 00:00 0 
70640000-77640000 rw-p 00000000 00:00 0 
77640000-79e20000 rw-p 00000000 00:00 0 
79e20000-9f4f0000 rw-p 00000000 00:00 0 
9f4f0000-a08e0000 rw-p 00000000 00:00 0 
a08e0000-b3440000 rw-p 00000000 00:00 0 
b3440000-b3449000 rw-p 00000000 00:00 0 
b3449000-b3500000 rw-p 00000000 00:00 0 
b3500000-b3740000 rwxp 00000000 00:00 0 
b3740000-b6563000 rw-p 00000000 00:00 0 
b6563000-b6600000 ---p 00000000 00:00 0 
b6624000-b662c000 rw-p 00000000 00:00 0 
b662c000-b6664000 rw-p 00000000 00:00 0 
b6664000-b666f000 r-xp 00000000 08:05 8389332    /lib/i386-linux-gnu/libnss_files-2.15.so
b666f000-b6670000 r--p 0000a000 08:05 8389332    /lib/i386-linux-gnu/libnss_files-2.15.so
b6670000-b6671000 rw-p 0000b000 08:05 8389332    /lib/i386-linux-gnu/libnss_files-2.15.so
b6671000-b667b000 r-xp 00000000 08:05 8389336    /lib/i386-linux-gnu/libnss_nis-2.15.so
b667b000-b667c000 r--p 00009000 08:05 8389336    /lib/i386-linux-gnu/libnss_nis-2.15.so
b667c000-b667d000 rw-p 0000a000 08:05 8389336    /lib/i386-linux-gnu/libnss_nis-2.15.so
b667d000-b6693000 r-xp 00000000 08:05 8389348    /lib/i386-linux-gnu/libnsl-2.15.so
b6693000-b6694000 r--p 00015000 08:05 8389348    /lib/i386-linux-gnu/libnsl-2.15.so
b6694000-b6695000 rw-p 00016000 08:05 8389348    /lib/i386-linux-gnu/libnsl-2.15.so
b6695000-b6697000 rw-p 00000000 00:00 0 
b6697000-b669e000 r-xp 00000000 08:05 8389330    /lib/i386-linux-gnu/libnss_compat-2.15.so
b669e000-b669f000 r--p 00006000 08:05 8389330    /lib/i386-linux-gnu/libnss_compat-2.15.so
b669f000-b66a0000 rw-p 00007000 08:05 8389330    /lib/i386-linux-gnu/libnss_compat-2.15.so
b66a3000-b66aa000 r-xp 00000000 08:05 5113411    /usr/lib/jvm/java-6-openjdk-i386/jre/lib/i386/libzip.so
b66aa000-b66ab000 r--p 00006000 08:05 5113411    /usr/lib/jvm/java-6-openjdk-i386/jre/lib/i386/libzip.so
b66ab000-b66ac000 rw-p 00007000 08:05 5113411    /usr/lib/jvm/java-6-openjdk-i386/jre/lib/i386/libzip.so
b66ac000-b66b4000 rw-s 00000000 08:05 9441255    /tmp/hsperfdata_alec/26087
b66b4000-b66da000 r-xp 00000000 08:05 5113410    /usr/lib/jvm/java-6-openjdk-i386/jre/lib/i386/libjava.so
b66da000-b66db000 r--p 00025000 08:05 5113410    /usr/lib/jvm/java-6-openjdk-i386/jre/lib/i386/libjava.so
b66db000-b66dd000 rw-p 00026000 08:05 5113410    /usr/lib/jvm/java-6-openjdk-i386/jre/lib/i386/libjava.so
b66dd000-b66e4000 r-xp 00000000 08:05 8389335    /lib/i386-linux-gnu/librt-2.15.so
b66e4000-b66e5000 r--p 00006000 08:05 8389335    /lib/i386-linux-gnu/librt-2.15.so
b66e5000-b66e6000 rw-p 00007000 08:05 8389335    /lib/i386-linux-gnu/librt-2.15.so
b66e6000-b66e9000 ---p 00000000 00:00 0 
b66e9000-b6737000 rw-p 00000000 00:00 0 
b6737000-b6753000 r-xp 00000000 08:05 8389556    /lib/i386-linux-gnu/libgcc_s.so.1
b6753000-b6754000 r--p 0001b000 08:05 8389556    /lib/i386-linux-gnu/libgcc_s.so.1
b6754000-b6755000 rw-p 0001c000 08:05 8389556    /lib/i386-linux-gnu/libgcc_s.so.1
b6755000-b677f000 r-xp 00000000 08:05 8389339    /lib/i386-linux-gnu/libm-2.15.so
b677f000-b6780000 r--p 00029000 08:05 8389339    /lib/i386-linux-gnu/libm-2.15.so
b6780000-b6781000 rw-p 0002a000 08:05 8389339    /lib/i386-linux-gnu/libm-2.15.so
b6781000-b6859000 r-xp 00000000 08:05 5116877    /usr/lib/i386-linux-gnu/libstdc++.so.6.0.16
b6859000-b685a000 ---p 000d8000 08:05 5116877    /usr/lib/i386-linux-gnu/libstdc++.so.6.0.16
b685a000-b685e000 r--p 000d8000 08:05 5116877    /usr/lib/i386-linux-gnu/libstdc++.so.6.0.16
b685e000-b685f000 rw-p 000dc000 08:05 5116877    /usr/lib/i386-linux-gnu/libstdc++.so.6.0.16
b685f000-b6866000 rw-p 00000000 00:00 0 
b6866000-b7085000 r-xp 00000000 08:05 5113427    /usr/lib/jvm/java-6-openjdk-i386/jre/lib/i386/server/libjvm.so
b7085000-b7086000 ---p 0081f000 08:05 5113427    /usr/lib/jvm/java-6-openjdk-i386/jre/lib/i386/server/libjvm.so
b7086000-b70cb000 r--p 0081f000 08:05 5113427    /usr/lib/jvm/java-6-openjdk-i386/jre/lib/i386/server/libjvm.so
b70cb000-b70da000 rw-p 00864000 08:05 5113427    /usr/lib/jvm/java-6-openjdk-i386/jre/lib/i386/server/libjvm.so
b70da000-b74f6000 rw-p 00000000 00:00 0 
b74f6000-b750a000 r-xp 00000000 08:05 8389646    /lib/i386-linux-gnu/libz.so.1.2.3.4
b750a000-b750b000 r--p 00013000 08:05 8389646    /lib/i386-linux-gnu/libz.so.1.2.3.4
b750b000-b750c000 rw-p 00014000 08:05 8389646    /lib/i386-linux-gnu/libz.so.1.2.3.4
b750c000-b76af000 r-xp 00000000 08:05 8389328    /lib/i386-linux-gnu/libc-2.15.so
b76af000-b76b0000 ---p 001a3000 08:05 8389328    /lib/i386-linux-gnu/libc-2.15.so
b76b0000-b76b2000 r--p 001a3000 08:05 8389328    /lib/i386-linux-gnu/libc-2.15.so
b76b2000-b76b3000 rw-p 001a5000 08:05 8389328    /lib/i386-linux-gnu/libc-2.15.so
b76b3000-b76b6000 rw-p 00000000 00:00 0 
b76b6000-b76b9000 r-xp 00000000 08:05 8389343    /lib/i386-linux-gnu/libdl-2.15.so
b76b9000-b76ba000 r--p 00002000 08:05 8389343    /lib/i386-linux-gnu/libdl-2.15.so
b76ba000-b76bb000 rw-p 00003000 08:05 8389343    /lib/i386-linux-gnu/libdl-2.15.so
b76bb000-b76bf000 r-xp 00000000 08:05 5114024    /usr/lib/jvm/java-6-openjdk-i386/jre/lib/i386/jli/libjli.so
b76bf000-b76c0000 r--p 00003000 08:05 5114024    /usr/lib/jvm/java-6-openjdk-i386/jre/lib/i386/jli/libjli.so
b76c0000-b76c1000 rw-p 00004000 08:05 5114024    /usr/lib/jvm/java-6-openjdk-i386/jre/lib/i386/jli/libjli.so
b76c1000-b76c2000 rw-p 00000000 00:00 0 
b76c2000-b76d9000 r-xp 00000000 08:05 8389337    /lib/i386-linux-gnu/libpthread-2.15.so
b76d9000-b76da000 r--p 00016000 08:05 8389337    /lib/i386-linux-gnu/libpthread-2.15.so
b76da000-b76db000 rw-p 00017000 08:05 8389337    /lib/i386-linux-gnu/libpthread-2.15.so
b76db000-b76dd000 rw-p 00000000 00:00 0 
b76e1000-b76e2000 rw-p 00000000 00:00 0 
b76e2000-b76e3000 r--p 00000000 00:00 0 
b76e3000-b76ee000 r-xp 00000000 08:05 5114022    /usr/lib/jvm/java-6-openjdk-i386/jre/lib/i386/libverify.so
b76ee000-b76ef000 ---p 0000b000 08:05 5114022    /usr/lib/jvm/java-6-openjdk-i386/jre/lib/i386/libverify.so
b76ef000-b76f0000 r--p 0000b000 08:05 5114022    /usr/lib/jvm/java-6-openjdk-i386/jre/lib/i386/libverify.so
b76f0000-b76f1000 rw-p 0000c000 08:05 5114022    /usr/lib/jvm/java-6-openjdk-i386/jre/lib/i386/libverify.so
b76f1000-b76f3000 rw-p 00000000 00:00 0 
b76f3000-b76f4000 r-xp 00000000 00:00 0          [vdso]
b76f4000-b7714000 r-xp 00000000 08:05 8389340    /lib/i386-linux-gnu/ld-2.15.so
b7714000-b7715000 r--p 0001f000 08:05 8389340    /lib/i386-linux-gnu/ld-2.15.so
b7715000-b7716000 rw-p 00020000 08:05 8389340    /lib/i386-linux-gnu/ld-2.15.so
bfd1f000-bfd40000 rw-p 00000000 00:00 0          [stack]

VM Arguments:
jvm_args: -Dfile.encoding=UTF-8 -Xbootclasspath:/home/alec/android-sdks/platforms/android-16/android.jar 
java_command: gui.activities.Line2D
Launcher Type: SUN_STANDARD

Environment Variables:
PATH=/usr/lib/lightdm/lightdm:/usr/local/sbin:/usr/local/bin:/usr/sbin:/usr/bin:/sbin:/bin:/usr/games
LD_LIBRARY_PATH=/usr/lib/jvm/java-6-openjdk-i386/jre/lib/i386/server:/usr/lib/jvm/java-6-openjdk-i386/jre/lib/i386:/usr/lib/jvm/java-6-openjdk-i386/jre/../lib/i386:/usr/lib/jvm/java-6-openjdk-i386/jre/lib/i386/client:/usr/lib/jvm/java-6-openjdk-i386/jre/lib/i386:
SHELL=/bin/bash
DISPLAY=:0.0

Signal Handlers:
SIGSEGV: [libjvm.so+0x66b320], sa_mask[0]=0x7ffbfeff, sa_flags=0x10000004
SIGBUS: [libjvm.so+0x66b320], sa_mask[0]=0x7ffbfeff, sa_flags=0x10000004
SIGFPE: [libjvm.so+0x52e8c0], sa_mask[0]=0x7ffbfeff, sa_flags=0x10000004
SIGPIPE: [libjvm.so+0x52e8c0], sa_mask[0]=0x7ffbfeff, sa_flags=0x10000004
SIGXFSZ: [libjvm.so+0x52e8c0], sa_mask[0]=0x7ffbfeff, sa_flags=0x10000004
SIGILL: [libjvm.so+0x52e8c0], sa_mask[0]=0x7ffbfeff, sa_flags=0x10000004
SIGUSR1: SIG_DFL, sa_mask[0]=0x00000000, sa_flags=0x00000000
SIGUSR2: [libjvm.so+0x52e750], sa_mask[0]=0x00000004, sa_flags=0x10000004
SIGHUP: SIG_DFL, sa_mask[0]=0x00000000, sa_flags=0x00000000
SIGINT: SIG_DFL, sa_mask[0]=0x00000000, sa_flags=0x00000000
SIGTERM: SIG_DFL, sa_mask[0]=0x00000000, sa_flags=0x00000000
SIGQUIT: SIG_DFL, sa_mask[0]=0x00000000, sa_flags=0x00000000


---------------  S Y S T E M  ---------------

OS:Ubuntu 12.04 (precise)
uname:Linux 3.2.0-34-generic-pae #53-Ubuntu SMP Thu Nov 15 11:11:12 UTC 2012 i686
libc:glibc 2.15 NPTL 2.15 
rlimit: STACK 8192k, CORE 0k, NPROC 30482, NOFILE 4096, AS infinity
load average:1.93 1.77 2.01

/proc/meminfo:
MemTotal:        3916388 kB
MemFree:          436940 kB
Buffers:          190608 kB
Cached:           960588 kB
SwapCached:        50728 kB
Active:          2186152 kB
Inactive:        1140208 kB
Active(anon):    1816520 kB
Inactive(anon):   599388 kB
Active(file):     369632 kB
Inactive(file):   540820 kB
Unevictable:           0 kB
Mlocked:               0 kB
HighTotal:       3074312 kB
HighFree:         174084 kB
LowTotal:         842076 kB
LowFree:          262856 kB
SwapTotal:       3986428 kB
SwapFree:        3585004 kB
Dirty:              3776 kB
Writeback:             0 kB
AnonPages:       2148308 kB
Mapped:           172060 kB
Shmem:            240708 kB
Slab:             105048 kB
SReclaimable:      74908 kB
SUnreclaim:        30140 kB
KernelStack:        4712 kB
PageTables:        15996 kB
NFS_Unstable:          0 kB
Bounce:                0 kB
WritebackTmp:          0 kB
CommitLimit:     5944620 kB
Committed_AS:    6477328 kB
VmallocTotal:     122880 kB
VmallocUsed:       25228 kB
VmallocChunk:      76724 kB
HardwareCorrupted:     0 kB
AnonHugePages:         0 kB
HugePages_Total:       0
HugePages_Free:        0
HugePages_Rsvd:        0
HugePages_Surp:        0
Hugepagesize:       2048 kB
DirectMap4k:       10232 kB
DirectMap2M:      903168 kB


CPU:total 4 (2 cores per cpu, 2 threads per core) family 6 model 37 stepping 5, cmov, cx8, fxsr, mmx, sse, sse2, sse3, ssse3, sse4.1, sse4.2, popcnt, ht

Memory: 4k page, physical 3916388k(436940k free), swap 3986428k(3585004k free)

vm_info: OpenJDK Server VM (20.0-b12) for linux-x86 JRE (1.6.0_24-b24), built on Oct 24 2012 16:19:13 by "buildd" with gcc 4.6.3

time: Thu Jan  3 17:06:05 2013
elapsed time: 0 seconds

