#
# A fatal error has been detected by the Java Runtime Environment:
#
#  Internal Error (classFileParser.cpp:3494), pid=26051, tid=3061013312
#  Error: ShouldNotReachHere()
#
# JRE version: 6.0_24-b24
# Java VM: OpenJDK Server VM (20.0-b12 mixed mode linux-x86 )
# Derivative: IcedTea6 1.11.5
# Distribution: Ubuntu 12.04 LTS, package 6b24-1.11.5-0ubuntu1~12.04.1
# If you would like to submit a bug report, please include
# instructions how to reproduce the bug and visit:
#   https://bugs.launchpad.net/ubuntu/+source/openjdk-6/
#

---------------  T H R E A D  ---------------

Current thread (0xb6506c00):  JavaThread "Unknown thread" [_thread_in_vm, id=26052, stack(0xb66e5000,0xb6736000)]

Stack: [0xb66e5000,0xb6736000]
[error occurred during error reporting (printing stack bounds), id 0xb]


[error occurred during error reporting (printing native stack), id 0xb]


---------------  P R O C E S S  ---------------

Java Threads: ( => current thread )

Other Threads:

=>0xb6506c00 (exited) JavaThread "Unknown thread" [_thread_in_vm, id=26052, stack(0xb66e5000,0xb6736000)]

VM state:not at safepoint (not fully initialized)

VM Mutex/Monitor currently owned by a thread: None

Dynamic libraries:
08048000-08051000 r-xp 00000000 08:05 5114051    /usr/lib/jvm/java-6-openjdk-i386/jre/bin/java
08051000-08052000 r--p 00008000 08:05 5114051    /usr/lib/jvm/java-6-openjdk-i386/jre/bin/java
08052000-08053000 rw-p 00009000 08:05 5114051    /usr/lib/jvm/java-6-openjdk-i386/jre/bin/java
08715000-08736000 rw-p 00000000 00:00 0          [heap]
6e73e000-6e800000 r--s 010c7000 08:05 2233832    /home/alec/android-sdks/platforms/android-16/android.jar
6e800000-6e821000 rw-p 00000000 00:00 0 
6e821000-6e900000 ---p 00000000 00:00 0 
6e97f000-6e980000 ---p 00000000 00:00 0 
6e980000-6ea00000 rw-p 00000000 00:00 0 
6ea00000-6ea21000 rw-p 00000000 00:00 0 
6ea21000-6eb00000 ---p 00000000 00:00 0 
6eb00000-6eb21000 rw-p 00000000 00:00 0 
6eb21000-6ec00000 ---p 00000000 00:00 0 
6ec7f000-6ec80000 ---p 00000000 00:00 0 
6ec80000-6ed00000 rw-p 00000000 00:00 0 
6ed00000-6ed21000 rw-p 00000000 00:00 0 
6ed21000-6ee00000 ---p 00000000 00:00 0 
6ee5e000-6ee5f000 ---p 00000000 00:00 0 
6ee5f000-6eedf000 rw-p 00000000 00:00 0 
6eedf000-6eee0000 ---p 00000000 00:00 0 
6eee0000-6ef68000 rw-p 00000000 00:00 0 
6ef68000-6efa0000 rw-p 00000000 00:00 0 
6efa0000-6efb4000 rw-p 00000000 00:00 0 
6efb4000-6f0e0000 rw-p 00000000 00:00 0 
6f0e0000-6f0e8000 rw-p 00000000 00:00 0 
6f0e8000-6f120000 rw-p 00000000 00:00 0 
6f120000-6f134000 rw-p 00000000 00:00 0 
6f134000-6f25f000 rw-p 00000000 00:00 0 
6f25f000-6f26a000 rw-p 00000000 00:00 0 
6f26a000-6f2ff000 rw-p 00000000 00:00 0 
6f2ff000-70300000 rw-p 00000000 00:00 0 
70300000-77300000 rw-p 00000000 00:00 0 
77300000-79ae0000 rw-p 00000000 00:00 0 
79ae0000-9f1b0000 rw-p 00000000 00:00 0 
9f1b0000-a05a0000 rw-p 00000000 00:00 0 
a05a0000-b3100000 rw-p 00000000 00:00 0 
b310e000-b3117000 rw-p 00000000 00:00 0 
b3117000-b31ce000 rw-p 00000000 00:00 0 
b31ce000-b340e000 rwxp 00000000 00:00 0 
b340e000-b61ce000 rw-p 00000000 00:00 0 
b61ce000-b6300000 r--p 004a5000 08:05 5118971    /usr/lib/locale/locale-archive
b6300000-b6500000 r--p 00000000 08:05 5118971    /usr/lib/locale/locale-archive
b6500000-b6565000 rw-p 00000000 00:00 0 
b6565000-b6600000 ---p 00000000 00:00 0 
b661e000-b6629000 r-xp 00000000 08:05 8389332    /lib/i386-linux-gnu/libnss_files-2.15.so
b6629000-b662a000 r--p 0000a000 08:05 8389332    /lib/i386-linux-gnu/libnss_files-2.15.so
b662a000-b662b000 rw-p 0000b000 08:05 8389332    /lib/i386-linux-gnu/libnss_files-2.15.so
b662b000-b6635000 r-xp 00000000 08:05 8389336    /lib/i386-linux-gnu/libnss_nis-2.15.so
b6635000-b6636000 r--p 00009000 08:05 8389336    /lib/i386-linux-gnu/libnss_nis-2.15.so
b6636000-b6637000 rw-p 0000a000 08:05 8389336    /lib/i386-linux-gnu/libnss_nis-2.15.so
b6637000-b664d000 r-xp 00000000 08:05 8389348    /lib/i386-linux-gnu/libnsl-2.15.so
b664d000-b664e000 r--p 00015000 08:05 8389348    /lib/i386-linux-gnu/libnsl-2.15.so
b664e000-b664f000 rw-p 00016000 08:05 8389348    /lib/i386-linux-gnu/libnsl-2.15.so
b664f000-b6651000 rw-p 00000000 00:00 0 
b6651000-b6658000 r-xp 00000000 08:05 8389330    /lib/i386-linux-gnu/libnss_compat-2.15.so
b6658000-b6659000 r--p 00006000 08:05 8389330    /lib/i386-linux-gnu/libnss_compat-2.15.so
b6659000-b665a000 rw-p 00007000 08:05 8389330    /lib/i386-linux-gnu/libnss_compat-2.15.so
b665d000-b6664000 r-xp 00000000 08:05 5113411    /usr/lib/jvm/java-6-openjdk-i386/jre/lib/i386/libzip.so
b6664000-b6665000 r--p 00006000 08:05 5113411    /usr/lib/jvm/java-6-openjdk-i386/jre/lib/i386/libzip.so
b6665000-b6666000 rw-p 00007000 08:05 5113411    /usr/lib/jvm/java-6-openjdk-i386/jre/lib/i386/libzip.so
b6666000-b666e000 rw-s 00000000 08:05 9441255    /tmp/hsperfdata_alec/26051
b666e000-b6671000 r-xp 00000000 08:05 5113419    /usr/lib/jvm/java-6-openjdk-i386/jre/lib/i386/libnpt.so
b6671000-b6672000 r--p 00002000 08:05 5113419    /usr/lib/jvm/java-6-openjdk-i386/jre/lib/i386/libnpt.so
b6672000-b6673000 rw-p 00003000 08:05 5113419    /usr/lib/jvm/java-6-openjdk-i386/jre/lib/i386/libnpt.so
b6673000-b66b1000 r-xp 00000000 08:05 5113421    /usr/lib/jvm/java-6-openjdk-i386/jre/lib/i386/libjdwp.so
b66b1000-b66b2000 r--p 0003d000 08:05 5113421    /usr/lib/jvm/java-6-openjdk-i386/jre/lib/i386/libjdwp.so
b66b2000-b66b3000 rw-p 0003e000 08:05 5113421    /usr/lib/jvm/java-6-openjdk-i386/jre/lib/i386/libjdwp.so
b66b3000-b66d9000 r-xp 00000000 08:05 5113410    /usr/lib/jvm/java-6-openjdk-i386/jre/lib/i386/libjava.so
b66d9000-b66da000 r--p 00025000 08:05 5113410    /usr/lib/jvm/java-6-openjdk-i386/jre/lib/i386/libjava.so
b66da000-b66dc000 rw-p 00026000 08:05 5113410    /usr/lib/jvm/java-6-openjdk-i386/jre/lib/i386/libjava.so
b66dc000-b66e3000 r-xp 00000000 08:05 8389335    /lib/i386-linux-gnu/librt-2.15.so
b66e3000-b66e4000 r--p 00006000 08:05 8389335    /lib/i386-linux-gnu/librt-2.15.so
b66e4000-b66e5000 rw-p 00007000 08:05 8389335    /lib/i386-linux-gnu/librt-2.15.so
b66e5000-b66e8000 ---p 00000000 00:00 0 
b66e8000-b6736000 rw-p 00000000 00:00 0 
b6736000-b6752000 r-xp 00000000 08:05 8389556    /lib/i386-linux-gnu/libgcc_s.so.1
b6752000-b6753000 r--p 0001b000 08:05 8389556    /lib/i386-linux-gnu/libgcc_s.so.1
b6753000-b6754000 rw-p 0001c000 08:05 8389556    /lib/i386-linux-gnu/libgcc_s.so.1
b6754000-b677e000 r-xp 00000000 08:05 8389339    /lib/i386-linux-gnu/libm-2.15.so
b677e000-b677f000 r--p 00029000 08:05 8389339    /lib/i386-linux-gnu/libm-2.15.so
b677f000-b6780000 rw-p 0002a000 08:05 8389339    /lib/i386-linux-gnu/libm-2.15.so
b6780000-b6858000 r-xp 00000000 08:05 5116877    /usr/lib/i386-linux-gnu/libstdc++.so.6.0.16
b6858000-b6859000 ---p 000d8000 08:05 5116877    /usr/lib/i386-linux-gnu/libstdc++.so.6.0.16
b6859000-b685d000 r--p 000d8000 08:05 5116877    /usr/lib/i386-linux-gnu/libstdc++.so.6.0.16
b685d000-b685e000 rw-p 000dc000 08:05 5116877    /usr/lib/i386-linux-gnu/libstdc++.so.6.0.16
b685e000-b6865000 rw-p 00000000 00:00 0 
b6865000-b7084000 r-xp 00000000 08:05 5113427    /usr/lib/jvm/java-6-openjdk-i386/jre/lib/i386/server/libjvm.so
b7084000-b7085000 ---p 0081f000 08:05 5113427    /usr/lib/jvm/java-6-openjdk-i386/jre/lib/i386/server/libjvm.so
b7085000-b70ca000 r--p 0081f000 08:05 5113427    /usr/lib/jvm/java-6-openjdk-i386/jre/lib/i386/server/libjvm.so
b70ca000-b70d9000 rw-p 00864000 08:05 5113427    /usr/lib/jvm/java-6-openjdk-i386/jre/lib/i386/server/libjvm.so
b70d9000-b74f5000 rw-p 00000000 00:00 0 
b74f5000-b7509000 r-xp 00000000 08:05 8389646    /lib/i386-linux-gnu/libz.so.1.2.3.4
b7509000-b750a000 r--p 00013000 08:05 8389646    /lib/i386-linux-gnu/libz.so.1.2.3.4
b750a000-b750b000 rw-p 00014000 08:05 8389646    /lib/i386-linux-gnu/libz.so.1.2.3.4
b750b000-b76ae000 r-xp 00000000 08:05 8389328    /lib/i386-linux-gnu/libc-2.15.so
b76ae000-b76af000 ---p 001a3000 08:05 8389328    /lib/i386-linux-gnu/libc-2.15.so
b76af000-b76b1000 r--p 001a3000 08:05 8389328    /lib/i386-linux-gnu/libc-2.15.so
b76b1000-b76b2000 rw-p 001a5000 08:05 8389328    /lib/i386-linux-gnu/libc-2.15.so
b76b2000-b76b5000 rw-p 00000000 00:00 0 
b76b5000-b76b8000 r-xp 00000000 08:05 8389343    /lib/i386-linux-gnu/libdl-2.15.so
b76b8000-b76b9000 r--p 00002000 08:05 8389343    /lib/i386-linux-gnu/libdl-2.15.so
b76b9000-b76ba000 rw-p 00003000 08:05 8389343    /lib/i386-linux-gnu/libdl-2.15.so
b76ba000-b76be000 r-xp 00000000 08:05 5114024    /usr/lib/jvm/java-6-openjdk-i386/jre/lib/i386/jli/libjli.so
b76be000-b76bf000 r--p 00003000 08:05 5114024    /usr/lib/jvm/java-6-openjdk-i386/jre/lib/i386/jli/libjli.so
b76bf000-b76c0000 rw-p 00004000 08:05 5114024    /usr/lib/jvm/java-6-openjdk-i386/jre/lib/i386/jli/libjli.so
b76c0000-b76c1000 rw-p 00000000 00:00 0 
b76c1000-b76d8000 r-xp 00000000 08:05 8389337    /lib/i386-linux-gnu/libpthread-2.15.so
b76d8000-b76d9000 r--p 00016000 08:05 8389337    /lib/i386-linux-gnu/libpthread-2.15.so
b76d9000-b76da000 rw-p 00017000 08:05 8389337    /lib/i386-linux-gnu/libpthread-2.15.so
b76da000-b76dc000 rw-p 00000000 00:00 0 
b76e0000-b76e1000 rw-p 00000000 00:00 0 
b76e1000-b76e2000 r--p 00000000 00:00 0 
b76e2000-b76ed000 r-xp 00000000 08:05 5114022    /usr/lib/jvm/java-6-openjdk-i386/jre/lib/i386/libverify.so
b76ed000-b76ee000 ---p 0000b000 08:05 5114022    /usr/lib/jvm/java-6-openjdk-i386/jre/lib/i386/libverify.so
b76ee000-b76ef000 r--p 0000b000 08:05 5114022    /usr/lib/jvm/java-6-openjdk-i386/jre/lib/i386/libverify.so
b76ef000-b76f0000 rw-p 0000c000 08:05 5114022    /usr/lib/jvm/java-6-openjdk-i386/jre/lib/i386/libverify.so
b76f0000-b76f2000 rw-p 00000000 00:00 0 
b76f2000-b76f3000 r-xp 00000000 00:00 0          [vdso]
b76f3000-b7713000 r-xp 00000000 08:05 8389340    /lib/i386-linux-gnu/ld-2.15.so
b7713000-b7714000 r--p 0001f000 08:05 8389340    /lib/i386-linux-gnu/ld-2.15.so
b7714000-b7715000 rw-p 00020000 08:05 8389340    /lib/i386-linux-gnu/ld-2.15.so
bfc04000-bfc25000 rw-p 00000000 00:00 0          [stack]

VM Arguments:
jvm_args: -agentlib:jdwp=transport=dt_socket,suspend=y,address=localhost:33126 -Dfile.encoding=UTF-8 -Xbootclasspath:/home/alec/android-sdks/platforms/android-16/android.jar 
java_command: gui.activities.Line2D
Launcher Type: SUN_STANDARD

Environment Variables:
PATH=/usr/lib/lightdm/lightdm:/usr/local/sbin:/usr/local/bin:/usr/sbin:/usr/bin:/sbin:/bin:/usr/games
LD_LIBRARY_PATH=/usr/lib/jvm/java-6-openjdk-i386/jre/lib/i386/server:/usr/lib/jvm/java-6-openjdk-i386/jre/lib/i386:/usr/lib/jvm/java-6-openjdk-i386/jre/../lib/i386:/usr/lib/jvm/java-6-openjdk-i386/jre/lib/i386/client:/usr/lib/jvm/java-6-openjdk-i386/jre/lib/i386:
SHELL=/bin/bash
DISPLAY=:0.0

Signal Handlers:
SIGSEGV: [libjvm.so+0x66b320], sa_mask[0]=0x7ffbfeff, sa_flags=0x10000004
SIGBUS: [libjvm.so+0x66b320], sa_mask[0]=0x7ffbfeff, sa_flags=0x10000004
SIGFPE: [libjvm.so+0x52e8c0], sa_mask[0]=0x7ffbfeff, sa_flags=0x10000004
SIGPIPE: [libjvm.so+0x52e8c0], sa_mask[0]=0x7ffbfeff, sa_flags=0x10000004
SIGXFSZ: [libjvm.so+0x52e8c0], sa_mask[0]=0x7ffbfeff, sa_flags=0x10000004
SIGILL: [libjvm.so+0x52e8c0], sa_mask[0]=0x7ffbfeff, sa_flags=0x10000004
SIGUSR1: SIG_DFL, sa_mask[0]=0x00000000, sa_flags=0x00000000
SIGUSR2: [libjvm.so+0x52e750], sa_mask[0]=0x00000004, sa_flags=0x10000004
SIGHUP: SIG_DFL, sa_mask[0]=0x00000000, sa_flags=0x00000000
SIGINT: SIG_DFL, sa_mask[0]=0x00000000, sa_flags=0x00000000
SIGTERM: SIG_DFL, sa_mask[0]=0x00000000, sa_flags=0x00000000
SIGQUIT: SIG_DFL, sa_mask[0]=0x00000000, sa_flags=0x00000000


---------------  S Y S T E M  ---------------

OS:Ubuntu 12.04 (precise)
uname:Linux 3.2.0-34-generic-pae #53-Ubuntu SMP Thu Nov 15 11:11:12 UTC 2012 i686
libc:glibc 2.15 NPTL 2.15 
rlimit: STACK 8192k, CORE 0k, NPROC 30482, NOFILE 4096, AS infinity
load average:2.09 1.80 2.02

/proc/meminfo:
MemTotal:        3916388 kB
MemFree:          457052 kB
Buffers:          186360 kB
Cached:           956532 kB
SwapCached:        50384 kB
Active:          2168348 kB
Inactive:        1136528 kB
Active(anon):    1803264 kB
Inactive(anon):   608232 kB
Active(file):     365084 kB
Inactive(file):   528296 kB
Unevictable:           0 kB
Mlocked:               0 kB
HighTotal:       3074312 kB
HighFree:         191072 kB
LowTotal:         842076 kB
LowFree:          265980 kB
SwapTotal:       3986428 kB
SwapFree:        3584924 kB
Dirty:              2068 kB
Writeback:             0 kB
AnonPages:       2135560 kB
Mapped:           168816 kB
Shmem:            249160 kB
Slab:             104912 kB
SReclaimable:      74624 kB
SUnreclaim:        30288 kB
KernelStack:        4664 kB
PageTables:        15868 kB
NFS_Unstable:          0 kB
Bounce:                0 kB
WritebackTmp:          0 kB
CommitLimit:     5944620 kB
Committed_AS:    6457624 kB
VmallocTotal:     122880 kB
VmallocUsed:       25228 kB
VmallocChunk:      76724 kB
HardwareCorrupted:     0 kB
AnonHugePages:         0 kB
HugePages_Total:       0
HugePages_Free:        0
HugePages_Rsvd:        0
HugePages_Surp:        0
Hugepagesize:       2048 kB
DirectMap4k:       10232 kB
DirectMap2M:      903168 kB


CPU:total 4 (2 cores per cpu, 2 threads per core) family 6 model 37 stepping 5, cmov, cx8, fxsr, mmx, sse, sse2, sse3, ssse3, sse4.1, sse4.2, popcnt, ht

Memory: 4k page, physical 3916388k(457052k free), swap 3986428k(3584924k free)

vm_info: OpenJDK Server VM (20.0-b12) for linux-x86 JRE (1.6.0_24-b24), built on Oct 24 2012 16:19:13 by "buildd" with gcc 4.6.3

time: Thu Jan  3 17:05:56 2013
elapsed time: 0 seconds

